
info [Mon Feb 28 2022 00:06:53 GMT+0530 (India Standard Time)]  listening on *:3000

info [Mon Feb 28 2022 00:07:27 GMT+0530 (India Standard Time)]  listening on *:3000

info [Mon Feb 28 2022 00:07:38 GMT+0530 (India Standard Time)]  listening on *:3000

info [Mon Feb 28 2022 00:07:53 GMT+0530 (India Standard Time)]  listening on *:3000

info [Mon Feb 28 2022 00:08:27 GMT+0530 (India Standard Time)]  listening on *:3000

info [Mon Feb 28 2022 00:12:22 GMT+0530 (India Standard Time)]  listening on *:3000

info [Mon Feb 28 2022 00:12:32 GMT+0530 (India Standard Time)]  listening on *:3000

info [Mon Feb 28 2022 00:19:46 GMT+0530 (India Standard Time)]  listening on *:3000

info [Mon Feb 28 2022 12:54:51 GMT+0530 (India Standard Time)]  listening on *:3000

info [Mon Feb 28 2022 12:56:03 GMT+0530 (India Standard Time)]  listening on *:3000

info [Mon Feb 28 2022 13:08:20 GMT+0530 (India Standard Time)]  listening on *:3000

info [Mon Feb 28 2022 13:10:05 GMT+0530 (India Standard Time)]  listening on *:3000

info [Mon Feb 28 2022 13:10:13 GMT+0530 (India Standard Time)]  listening on *:3000

info [Mon Feb 28 2022 13:10:17 GMT+0530 (India Standard Time)]  listening on *:3000

info [Mon Feb 28 2022 13:10:39 GMT+0530 (India Standard Time)]  listening on *:3000
info [Mon Feb 28 2022 13:14:48 GMT+0530 (India Standard Time)]  An IoT device has connected!
info [Mon Feb 28 2022 13:16:20 GMT+0530 (India Standard Time)]  An IoT Device has disconnected
info [Mon Feb 28 2022 13:16:20 GMT+0530 (India Standard Time)]  An IoT device has connected!

info [Mon Feb 28 2022 13:31:10 GMT+0530 (India Standard Time)]  listening on *:3000
info [Mon Feb 28 2022 13:31:12 GMT+0530 (India Standard Time)]  An IoT device has connected!

info [Mon Feb 28 2022 13:33:49 GMT+0530 (India Standard Time)]  listening on *:3000
info [Mon Feb 28 2022 13:33:50 GMT+0530 (India Standard Time)]  An IoT device has connected!

info [Mon Feb 28 2022 13:34:02 GMT+0530 (India Standard Time)]  listening on *:3000
info [Mon Feb 28 2022 13:34:03 GMT+0530 (India Standard Time)]  An IoT device has connected!
info [Mon Feb 28 2022 13:34:40 GMT+0530 (India Standard Time)]  An IoT Device has disconnected
info [Mon Feb 28 2022 13:34:40 GMT+0530 (India Standard Time)]  An IoT device has connected!

info [Mon Feb 28 2022 13:35:30 GMT+0530 (India Standard Time)]  listening on *:3000
info [Mon Feb 28 2022 13:35:32 GMT+0530 (India Standard Time)]  An IoT device has connected!

info [Mon Feb 28 2022 13:35:34 GMT+0530 (India Standard Time)]  listening on *:3000
info [Mon Feb 28 2022 13:35:35 GMT+0530 (India Standard Time)]  An IoT device has connected!

info [Mon Feb 28 2022 13:36:59 GMT+0530 (India Standard Time)]  listening on *:3000
info [Mon Feb 28 2022 13:37:00 GMT+0530 (India Standard Time)]  An IoT device has connected!

info [Mon Feb 28 2022 13:37:06 GMT+0530 (India Standard Time)]  listening on *:3000
info [Mon Feb 28 2022 13:37:09 GMT+0530 (India Standard Time)]  An IoT device has connected!
info [Mon Feb 28 2022 13:37:19 GMT+0530 (India Standard Time)]  An IoT Device has disconnected
info [Mon Feb 28 2022 13:37:21 GMT+0530 (India Standard Time)]  An IoT device has connected!

info [Mon Feb 28 2022 13:38:36 GMT+0530 (India Standard Time)]  listening on *:3000
info [Mon Feb 28 2022 13:38:38 GMT+0530 (India Standard Time)]  An IoT device has connected!

info [Mon Feb 28 2022 13:44:31 GMT+0530 (India Standard Time)]  listening on *:3000
info [Mon Feb 28 2022 13:44:31 GMT+0530 (India Standard Time)]  An IoT device has connected!
info [Mon Feb 28 2022 13:44:43 GMT+0530 (India Standard Time)]  An IoT Device has disconnected
info [Mon Feb 28 2022 13:44:44 GMT+0530 (India Standard Time)]  An IoT device has connected!

info [Mon Feb 28 2022 13:45:39 GMT+0530 (India Standard Time)]  listening on *:3000
info [Mon Feb 28 2022 13:45:44 GMT+0530 (India Standard Time)]  An IoT device has connected!
info [Mon Feb 28 2022 13:46:00 GMT+0530 (India Standard Time)]  An IoT Device has disconnected
info [Mon Feb 28 2022 13:46:01 GMT+0530 (India Standard Time)]  An IoT device has connected!
info [Mon Feb 28 2022 13:47:13 GMT+0530 (India Standard Time)]  An IoT Device has disconnected
info [Mon Feb 28 2022 13:47:14 GMT+0530 (India Standard Time)]  An IoT device has connected!
info [Mon Feb 28 2022 13:52:37 GMT+0530 (India Standard Time)]  An IoT Device has disconnected
info [Mon Feb 28 2022 13:52:37 GMT+0530 (India Standard Time)]  An IoT device has connected!

info [Mon Feb 28 2022 13:53:37 GMT+0530 (India Standard Time)]  listening on *:3000
info [Mon Feb 28 2022 13:53:39 GMT+0530 (India Standard Time)]  An IoT device has connected!
info [Mon Feb 28 2022 13:54:06 GMT+0530 (India Standard Time)]  An IoT Device has disconnected
info [Mon Feb 28 2022 13:54:08 GMT+0530 (India Standard Time)]  An IoT device has connected!
info [Mon Feb 28 2022 13:56:36 GMT+0530 (India Standard Time)]  An IoT Device has disconnected
info [Mon Feb 28 2022 13:56:36 GMT+0530 (India Standard Time)]  An IoT device has connected!
info [Mon Feb 28 2022 13:56:48 GMT+0530 (India Standard Time)]  An IoT Device has disconnected
info [Mon Feb 28 2022 13:56:49 GMT+0530 (India Standard Time)]  An IoT device has connected!
info [Mon Feb 28 2022 13:57:39 GMT+0530 (India Standard Time)]  An IoT Device has disconnected
info [Mon Feb 28 2022 13:57:40 GMT+0530 (India Standard Time)]  An IoT device has connected!

info [Mon Feb 28 2022 14:00:07 GMT+0530 (India Standard Time)]  listening on *:3000
info [Mon Feb 28 2022 14:00:12 GMT+0530 (India Standard Time)]  An IoT device has connected!

info [Mon Feb 28 2022 14:00:39 GMT+0530 (India Standard Time)]  listening on *:3000
info [Mon Feb 28 2022 14:00:43 GMT+0530 (India Standard Time)]  An IoT device has connected!
info [Mon Feb 28 2022 14:00:49 GMT+0530 (India Standard Time)]  An IoT Device has disconnected
info [Mon Feb 28 2022 14:00:50 GMT+0530 (India Standard Time)]  An IoT device has connected!

info [Mon Feb 28 2022 14:01:30 GMT+0530 (India Standard Time)]  listening on *:3000
info [Mon Feb 28 2022 14:01:36 GMT+0530 (India Standard Time)]  An IoT device has connected!
info [Mon Feb 28 2022 14:01:56 GMT+0530 (India Standard Time)]  An IoT Device has disconnected
info [Mon Feb 28 2022 14:01:57 GMT+0530 (India Standard Time)]  An IoT device has connected!
info [Mon Feb 28 2022 14:02:05 GMT+0530 (India Standard Time)]  An IoT Device has disconnected

info [Mon Feb 28 2022 15:18:53 GMT+0530 (India Standard Time)]  listening on *:3000

info [Mon Feb 28 2022 15:19:01 GMT+0530 (India Standard Time)]  listening on *:3000

info [Mon Feb 28 2022 15:19:17 GMT+0530 (India Standard Time)]  listening on *:3000

info [Mon Feb 28 2022 15:19:22 GMT+0530 (India Standard Time)]  listening on *:3000

info [Mon Feb 28 2022 15:19:25 GMT+0530 (India Standard Time)]  listening on *:3000

info [Mon Feb 28 2022 15:20:28 GMT+0530 (India Standard Time)]  listening on *:3000

info [Mon Feb 28 2022 15:20:40 GMT+0530 (India Standard Time)]  listening on *:3000

info [Mon Feb 28 2022 15:23:15 GMT+0530 (India Standard Time)]  listening on *:3000
info [Mon Feb 28 2022 15:24:13 GMT+0530 (India Standard Time)]  An IoT Device has disconnected

info [Mon Feb 28 2022 15:24:41 GMT+0530 (India Standard Time)]  listening on *:3000
info [Mon Feb 28 2022 15:24:55 GMT+0530 (India Standard Time)]  An IoT Device has disconnected
info [Mon Feb 28 2022 15:25:16 GMT+0530 (India Standard Time)]  An IoT Device has disconnected
info [Mon Feb 28 2022 15:26:13 GMT+0530 (India Standard Time)]  An IoT Device has disconnected
info [Mon Feb 28 2022 15:26:24 GMT+0530 (India Standard Time)]  An IoT Device has disconnected
info [Mon Feb 28 2022 15:26:29 GMT+0530 (India Standard Time)]  An IoT Device has disconnected
info [Mon Feb 28 2022 15:26:44 GMT+0530 (India Standard Time)]  An IoT Device has disconnected

info [Mon Feb 28 2022 15:26:52 GMT+0530 (India Standard Time)]  listening on *:3000
info [Mon Feb 28 2022 15:31:27 GMT+0530 (India Standard Time)]  An IoT Device has disconnected

info [Mon Feb 28 2022 15:31:43 GMT+0530 (India Standard Time)]  listening on *:3000
info [Mon Feb 28 2022 15:43:14 GMT+0530 (India Standard Time)]  An IoT Device has disconnected

info [Mon Feb 28 2022 15:47:26 GMT+0530 (India Standard Time)]  listening on *:3000
info [Mon Feb 28 2022 15:47:35 GMT+0530 (India Standard Time)]  Socket disconnected but was not present in room.

info [Mon Feb 28 2022 15:48:09 GMT+0530 (India Standard Time)]  listening on *:3000
info [Mon Feb 28 2022 15:48:53 GMT+0530 (India Standard Time)]  Socket disconnected but was not present in room.
info [Mon Feb 28 2022 15:49:37 GMT+0530 (India Standard Time)]  Socket disconnected but was not present in room.
info [Mon Feb 28 2022 15:51:06 GMT+0530 (India Standard Time)]  Socket disconnected but was not present in room.
info [Mon Feb 28 2022 15:56:08 GMT+0530 (India Standard Time)]  Socket disconnected but was not present in room.

info [Mon Feb 28 2022 15:56:19 GMT+0530 (India Standard Time)]  listening on *:3000
info [Mon Feb 28 2022 15:57:17 GMT+0530 (India Standard Time)]  Socket disconnected but was not present in room.

info [Mon Feb 28 2022 15:57:45 GMT+0530 (India Standard Time)]  listening on *:3000
info [Mon Feb 28 2022 15:58:16 GMT+0530 (India Standard Time)]  Socket disconnected but was not present in room.
info [Mon Feb 28 2022 15:58:19 GMT+0530 (India Standard Time)]  A web user connected.

info [Mon Feb 28 2022 15:59:36 GMT+0530 (India Standard Time)]  listening on *:3000
info [Mon Feb 28 2022 15:59:50 GMT+0530 (India Standard Time)]  Socket disconnected but was not present in room.
info [Mon Feb 28 2022 15:59:50 GMT+0530 (India Standard Time)]  A web user connected.
info [Mon Feb 28 2022 16:00:41 GMT+0530 (India Standard Time)]  Socket disconnected but was not present in room.
info [Mon Feb 28 2022 16:03:00 GMT+0530 (India Standard Time)]  Socket disconnected but was not present in room.
info [Mon Feb 28 2022 16:03:05 GMT+0530 (India Standard Time)]  A web user connected.
info [Mon Feb 28 2022 16:09:32 GMT+0530 (India Standard Time)]  Socket disconnected but was not present in room.
info [Mon Feb 28 2022 16:09:32 GMT+0530 (India Standard Time)]  A web user connected.
info [Mon Feb 28 2022 16:09:51 GMT+0530 (India Standard Time)]  Socket disconnected but was not present in room.
info [Mon Feb 28 2022 16:09:51 GMT+0530 (India Standard Time)]  A web user connected.
info [Mon Feb 28 2022 16:09:54 GMT+0530 (India Standard Time)]  Socket disconnected but was not present in room.
info [Mon Feb 28 2022 16:09:54 GMT+0530 (India Standard Time)]  A web user connected.
info [Mon Feb 28 2022 16:09:59 GMT+0530 (India Standard Time)]  Socket disconnected but was not present in room.
info [Mon Feb 28 2022 16:09:59 GMT+0530 (India Standard Time)]  A web user connected.

info [Mon Feb 28 2022 16:17:36 GMT+0530 (India Standard Time)]  listening on *:3000
fatal [Mon Feb 28 2022 16:17:47 GMT+0530 (India Standard Time)]  Webpage socket interval found null.
info [Mon Feb 28 2022 16:17:47 GMT+0530 (India Standard Time)]  Socket disconnected but was not present in room.
info [Mon Feb 28 2022 16:17:48 GMT+0530 (India Standard Time)]  A web user connected.
info [Mon Feb 28 2022 16:18:17 GMT+0530 (India Standard Time)]  Socket disconnected but was not present in room.
info [Mon Feb 28 2022 16:18:17 GMT+0530 (India Standard Time)]  A web user connected.

info [Mon Feb 28 2022 16:21:25 GMT+0530 (India Standard Time)]  listening on *:3000
fatal [Mon Feb 28 2022 16:21:33 GMT+0530 (India Standard Time)]  Webpage socket interval found null.
info [Mon Feb 28 2022 16:21:33 GMT+0530 (India Standard Time)]  Socket disconnected but was not present in room.
info [Mon Feb 28 2022 16:21:34 GMT+0530 (India Standard Time)]  A web user connected.

info [Mon Feb 28 2022 16:22:26 GMT+0530 (India Standard Time)]  listening on *:3000
fatal [Mon Feb 28 2022 16:22:50 GMT+0530 (India Standard Time)]  Webpage socket interval found null.
info [Mon Feb 28 2022 16:22:50 GMT+0530 (India Standard Time)]  Socket disconnected but was not present in room.
info [Mon Feb 28 2022 16:22:50 GMT+0530 (India Standard Time)]  A web user connected.

info [Mon Feb 28 2022 16:24:32 GMT+0530 (India Standard Time)]  listening on *:3000
fatal [Mon Feb 28 2022 16:24:41 GMT+0530 (India Standard Time)]  Webpage socket interval found null.
info [Mon Feb 28 2022 16:24:41 GMT+0530 (India Standard Time)]  Socket disconnected but was not present in room.
info [Mon Feb 28 2022 16:24:42 GMT+0530 (India Standard Time)]  A web user connected.

info [Mon Feb 28 2022 16:26:19 GMT+0530 (India Standard Time)]  listening on *:3000
fatal [Mon Feb 28 2022 16:26:44 GMT+0530 (India Standard Time)]  Webpage socket interval found null.
info [Mon Feb 28 2022 16:26:44 GMT+0530 (India Standard Time)]  Socket disconnected but was not present in room.
info [Mon Feb 28 2022 16:27:09 GMT+0530 (India Standard Time)]  A web user connected.

info [Mon Feb 28 2022 16:32:31 GMT+0530 (India Standard Time)]  listening on *:3000
fatal [Mon Feb 28 2022 16:34:39 GMT+0530 (India Standard Time)]  Webpage socket interval found null.
info [Mon Feb 28 2022 16:34:39 GMT+0530 (India Standard Time)]  Socket disconnected but was not present in room.
info [Mon Feb 28 2022 16:34:44 GMT+0530 (India Standard Time)]  A web user connected.
info [Mon Feb 28 2022 16:40:41 GMT+0530 (India Standard Time)]  Socket disconnected but was not present in room.
info [Mon Feb 28 2022 16:41:10 GMT+0530 (India Standard Time)]  A web user connected.
info [Mon Feb 28 2022 16:43:49 GMT+0530 (India Standard Time)]  Socket disconnected but was not present in room.
info [Mon Feb 28 2022 16:43:50 GMT+0530 (India Standard Time)]  A web user connected.
info [Mon Feb 28 2022 16:44:03 GMT+0530 (India Standard Time)]  Socket disconnected but was not present in room.
info [Mon Feb 28 2022 16:44:08 GMT+0530 (India Standard Time)]  A web user connected.

info [Mon Feb 28 2022 17:15:02 GMT+0530 (India Standard Time)]  listening on *:3000
info [Mon Feb 28 2022 17:15:02 GMT+0530 (India Standard Time)]  A web user connected.
info [Mon Feb 28 2022 17:15:04 GMT+0530 (India Standard Time)]  A web user connected.

info [Mon Feb 28 2022 17:26:18 GMT+0530 (India Standard Time)]  listening on *:3000
